<?xml version="1.0" encoding="UTF-8"?>
<testsuite xmlns:xsi="http://www.w3.org/2001/XMLSchema-instance" xsi:noNamespaceSchemaLocation="https://maven.apache.org/surefire/maven-surefire-plugin/xsd/surefire-test-report-3.0.xsd" version="3.0" name="iewa.api.IewaApiApplicationTests" time="9.04" tests="1" errors="0" skipped="0" failures="0">
  <properties>
[...]
</properties>
  <testcase name="contextLoads" classname="iewa.api.IewaApiApplicationTests" time="0.515">
    <system-out><![CDATA[11:11:48.609 [main] INFO org.springframework.test.context.support.AnnotationConfigContextLoaderUtils -- Could not detect default configuration classes for test class [iewa.api.IewaApiApplicationTests]: IewaApiApplicationTests does not declare any static, non-private, non-final, nested classes annotated with @Configuration.
11:11:48.686 [main] INFO org.springframework.boot.test.context.SpringBootTestContextBootstrapper -- Found @SpringBootConfiguration iewa.api.IewaApiApplication for test class iewa.api.IewaApiApplicationTests
11:11:48.813 [main] INFO org.springframework.boot.devtools.restart.RestartApplicationListener -- Restart disabled due to context in which it is running

  .   ____          _            __ _ _
 /\\ / ___'_ __ _ _(_)_ __  __ _ \ \ \ \
( ( )\___ | '_ | '_| | '_ \/ _` | \ \ \ \
 \\/  ___)| |_)| | | | | || (_| |  ) ) ) )
  '  |____| .__|_| |_|_| |_\__, | / / / /
 =========|_|==============|___/=/_/_/_/
 :: Spring Boot ::                (v3.2.5)

2024-05-02T11:11:48.992+03:00  WARN 96199 --- [iewa-api] [           main] ory$DuplicateJsonObjectContextCustomizer : 

Found multiple occurrences of org.json.JSONObject on the class path:

	jar:file:/Users/0xff3z/.m2/repository/com/vaadin/external/google/android-json/0.0.20131108.vaadin1/android-json-0.0.20131108.vaadin1.jar!/org/json/JSONObject.class
	jar:file:/Users/0xff3z/.m2/repository/org/json/json/20240303/json-20240303.jar!/org/json/JSONObject.class

You may wish to exclude one of them to ensure predictable runtime behavior

2024-05-02T11:11:49.004+03:00  INFO 96199 --- [iewa-api] [           main] iewa.api.IewaApiApplicationTests         : Starting IewaApiApplicationTests using Java 21.0.2 with PID 96199 (started by 0xff3z in /Users/0xff3z/Desktop/MyProjects/iewa-api-spring)
2024-05-02T11:11:49.005+03:00  INFO 96199 --- [iewa-api] [           main] iewa.api.IewaApiApplicationTests         : The following 1 profile is active: "dev"
2024-05-02T11:11:50.048+03:00  INFO 96199 --- [iewa-api] [           main] .s.d.r.c.RepositoryConfigurationDelegate : Multiple Spring Data modules found, entering strict repository configuration mode
2024-05-02T11:11:50.049+03:00  INFO 96199 --- [iewa-api] [           main] .s.d.r.c.RepositoryConfigurationDelegate : Bootstrapping Spring Data JPA repositories in DEFAULT mode.
2024-05-02T11:11:50.201+03:00  INFO 96199 --- [iewa-api] [           main] .s.d.r.c.RepositoryConfigurationDelegate : Finished Spring Data repository scanning in 146 ms. Found 9 JPA repository interfaces.
2024-05-02T11:11:51.023+03:00  INFO 96199 --- [iewa-api] [           main] o.hibernate.jpa.internal.util.LogHelper  : HHH000204: Processing PersistenceUnitInfo [name: default]
2024-05-02T11:11:51.080+03:00  INFO 96199 --- [iewa-api] [           main] org.hibernate.Version                    : HHH000412: Hibernate ORM core version 6.4.4.Final
2024-05-02T11:11:51.113+03:00  INFO 96199 --- [iewa-api] [           main] o.h.c.internal.RegionFactoryInitiator    : HHH000026: Second-level cache disabled
2024-05-02T11:11:51.286+03:00  INFO 96199 --- [iewa-api] [           main] o.s.o.j.p.SpringPersistenceUnitInfo      : No LoadTimeWeaver setup: ignoring JPA class transformer
2024-05-02T11:11:51.316+03:00  INFO 96199 --- [iewa-api] [           main] com.zaxxer.hikari.HikariDataSource       : HikariPool-1 - Starting...
2024-05-02T11:11:51.486+03:00  INFO 96199 --- [iewa-api] [           main] com.zaxxer.hikari.pool.HikariPool        : HikariPool-1 - Added connection org.postgresql.jdbc.PgConnection@746fd19b
2024-05-02T11:11:51.488+03:00  INFO 96199 --- [iewa-api] [           main] com.zaxxer.hikari.HikariDataSource       : HikariPool-1 - Start completed.
2024-05-02T11:11:51.520+03:00  WARN 96199 --- [iewa-api] [           main] org.hibernate.orm.deprecation            : HHH90000025: PostgreSQLDialect does not need to be specified explicitly using 'hibernate.dialect' (remove the property setting and it will be selected by default)
2024-05-02T11:11:51.688+03:00  WARN 96199 --- [iewa-api] [           main] o.h.boot.model.internal.EntityBinder     : HHH000139: Illegal use of @Table in a subclass of a SINGLE_TABLE hierarchy: iewa.api.Model.BusinessOwner
2024-05-02T11:11:52.528+03:00  INFO 96199 --- [iewa-api] [           main] o.h.e.t.j.p.i.JtaPlatformInitiator       : HHH000489: No JTA platform available (set 'hibernate.transaction.jta.platform' to enable JTA platform integration)
2024-05-02T11:11:52.627+03:00  INFO 96199 --- [iewa-api] [           main] j.LocalContainerEntityManagerFactoryBean : Initialized JPA EntityManagerFactory for persistence unit 'default'
2024-05-02T11:11:53.763+03:00  WARN 96199 --- [iewa-api] [           main] JpaBaseConfiguration$JpaWebConfiguration : spring.jpa.open-in-view is enabled by default. Therefore, database queries may be performed during view rendering. Explicitly configure spring.jpa.open-in-view to disable this warning
2024-05-02T11:11:54.445+03:00  INFO 96199 --- [iewa-api] [           main] o.s.b.a.e.web.EndpointLinksResolver      : Exposing 1 endpoint(s) beneath base path '/actuator'
2024-05-02T11:11:54.554+03:00  INFO 96199 --- [iewa-api] [           main] o.s.s.web.DefaultSecurityFilterChain     : Will secure any request with [org.springframework.security.web.session.DisableEncodeUrlFilter@3625093d, org.springframework.security.web.context.request.async.WebAsyncManagerIntegrationFilter@3048ec86, org.springframework.security.web.context.SecurityContextHolderFilter@7de1cc9f, org.springframework.security.web.header.HeaderWriterFilter@50c0392d, org.springframework.web.filter.CorsFilter@49e69196, org.springframework.security.web.authentication.logout.LogoutFilter@3be4e71c, iewa.api.Config.JwtAuthenticationFilter@519e110b, org.springframework.security.web.savedrequest.RequestCacheAwareFilter@111c9be, org.springframework.security.web.servletapi.SecurityContextHolderAwareRequestFilter@334c80be, org.springframework.security.web.authentication.AnonymousAuthenticationFilter@76e51181, org.springframework.security.web.session.SessionManagementFilter@1ae3d0a8, org.springframework.security.web.access.ExceptionTranslationFilter@451d6bc9, org.springframework.security.web.access.intercept.AuthorizationFilter@1228a579]
2024-05-02T11:11:55.322+03:00  INFO 96199 --- [iewa-api] [           main] o.s.a.r.c.CachingConnectionFactory       : Attempting to connect to: [localhost:5672]
2024-05-02T11:11:55.444+03:00  INFO 96199 --- [iewa-api] [           main] o.s.a.r.c.CachingConnectionFactory       : Created new connection: rabbitConnectionFactory#154ea177:0/SimpleConnection@6a72d301 [delegate=amqp://guest@127.0.0.1:5672/, localPort=54761]
2024-05-02T11:11:55.515+03:00  INFO 96199 --- [iewa-api] [           main] iewa.api.IewaApiApplicationTests         : Started IewaApiApplicationTests in 6.711 seconds (process running for 7.424)
2024-05-02T11:11:56.757+03:00  INFO 96199 --- [iewa-api] [   scheduling-1] iewa.api.Service.Monday                  : Date: {"date":"2024-05-30","changed_at":"2024-04-28T22:20:25.059Z"}
2024-05-02T11:11:56.757+03:00  INFO 96199 --- [iewa-api] [   scheduling-1] iewa.api.Service.Monday                  : Date: 2024-05-30
2024-05-02T11:11:56.885+03:00  INFO 96199 --- [iewa-api] [           main] iewa.api.Service.Monday                  : Items: 4
2024-05-02T11:11:56.988+03:00  WARN 96199 --- [iewa-api] [           main] o.h.engine.jdbc.spi.SqlExceptionHelper   : SQL Error: 0, SQLState: 23505
2024-05-02T11:11:56.988+03:00 ERROR 96199 --- [iewa-api] [           main] o.h.engine.jdbc.spi.SqlExceptionHelper   : ERROR: duplicate key value violates unique constraint "uk_g9yxungowch9l99lcr0v158rw"
  Detail: Key (monday_id)=(1479622455) already exists.
Error: could not execute statement [ERROR: duplicate key value violates unique constraint "uk_g9yxungowch9l99lcr0v158rw"
  Detail: Key (monday_id)=(1479622455) already exists.] [insert into landingpage_candidate (bio,courses,currency,education,expected_salary,first_name,job,monday_id,name,nationality,np,project,project_three,project_two,skills,years_of_experience,years_of_experience_four,years_of_experience_three,years_of_experience_two) values (?,?,?,?,?,?,?,?,?,?,?,?,?,?,?,?,?,?,?)]; SQL [insert into landingpage_candidate (bio,courses,currency,education,expected_salary,first_name,job,monday_id,name,nationality,np,project,project_three,project_two,skills,years_of_experience,years_of_experience_four,years_of_experience_three,years_of_experience_two) values (?,?,?,?,?,?,?,?,?,?,?,?,?,?,?,?,?,?,?)]; constraint [uk_g9yxungowch9l99lcr0v158rw]
2024-05-02T11:11:57.322+03:00  INFO 96199 --- [iewa-api] [   scheduling-1] iewa.api.Service.Monday                  : Date: {"date":"2024-04-23","changed_at":"2024-04-23T11:08:42.990Z","time":null}
2024-05-02T11:11:57.322+03:00  INFO 96199 --- [iewa-api] [   scheduling-1] iewa.api.Service.Monday                  : Date: 2024-04-23
]]></system-out>
    <system-err><![CDATA[WARNING: A Java agent has been loaded dynamically (/Users/0xff3z/.m2/repository/net/bytebuddy/byte-buddy-agent/1.14.13/byte-buddy-agent-1.14.13.jar)
WARNING: If a serviceability tool is in use, please run with -XX:+EnableDynamicAgentLoading to hide this warning
WARNING: If a serviceability tool is not in use, please run with -Djdk.instrument.traceUsage for more information
WARNING: Dynamic loading of agents will be disallowed by default in a future release
]]></system-err>
  </testcase>
</testsuite>