<?xml version="1.0" encoding="UTF-8"?>
<testsuite xmlns:xsi="http://www.w3.org/2001/XMLSchema-instance" xsi:noNamespaceSchemaLocation="https://maven.apache.org/surefire/maven-surefire-plugin/xsd/surefire-test-report-3.0.xsd" version="3.0" name="iewa.api.IewaApiApplicationTests" time="14.426" tests="1" errors="0" skipped="0" failures="0">
  <properties>
[...]
</properties>
  <testcase name="contextLoads" classname="iewa.api.IewaApiApplicationTests" time="0.429">
    <system-out><![CDATA[11:26:17.506 [main] INFO org.springframework.test.context.support.AnnotationConfigContextLoaderUtils -- Could not detect default configuration classes for test class [iewa.api.IewaApiApplicationTests]: IewaApiApplicationTests does not declare any static, non-private, non-final, nested classes annotated with @Configuration.
11:26:17.601 [main] INFO org.springframework.boot.test.context.SpringBootTestContextBootstrapper -- Found @SpringBootConfiguration iewa.api.IewaApiApplication for test class iewa.api.IewaApiApplicationTests
11:26:17.719 [main] INFO org.springframework.boot.devtools.restart.RestartApplicationListener -- Restart disabled due to context in which it is running

  .   ____          _            __ _ _
 /\\ / ___'_ __ _ _(_)_ __  __ _ \ \ \ \
( ( )\___ | '_ | '_| | '_ \/ _` | \ \ \ \
 \\/  ___)| |_)| | | | | || (_| |  ) ) ) )
  '  |____| .__|_| |_|_| |_\__, | / / / /
 =========|_|==============|___/=/_/_/_/
 :: Spring Boot ::                (v3.2.5)

2024-04-29T11:26:17.885+03:00  WARN 52949 --- [iewa-api] [           main] ory$DuplicateJsonObjectContextCustomizer : 

Found multiple occurrences of org.json.JSONObject on the class path:

	jar:file:/Users/0xff3z/.m2/repository/com/vaadin/external/google/android-json/0.0.20131108.vaadin1/android-json-0.0.20131108.vaadin1.jar!/org/json/JSONObject.class
	jar:file:/Users/0xff3z/.m2/repository/org/json/json/20240303/json-20240303.jar!/org/json/JSONObject.class

You may wish to exclude one of them to ensure predictable runtime behavior

2024-04-29T11:26:17.897+03:00  INFO 52949 --- [iewa-api] [           main] iewa.api.IewaApiApplicationTests         : Starting IewaApiApplicationTests using Java 21.0.2 with PID 52949 (started by 0xff3z in /Users/0xff3z/Desktop/MyProjects/iewa-api-spring)
2024-04-29T11:26:17.898+03:00  INFO 52949 --- [iewa-api] [           main] iewa.api.IewaApiApplicationTests         : The following 1 profile is active: "dev"
2024-04-29T11:26:18.849+03:00  INFO 52949 --- [iewa-api] [           main] .s.d.r.c.RepositoryConfigurationDelegate : Multiple Spring Data modules found, entering strict repository configuration mode
2024-04-29T11:26:18.851+03:00  INFO 52949 --- [iewa-api] [           main] .s.d.r.c.RepositoryConfigurationDelegate : Bootstrapping Spring Data JPA repositories in DEFAULT mode.
2024-04-29T11:26:18.996+03:00  INFO 52949 --- [iewa-api] [           main] .s.d.r.c.RepositoryConfigurationDelegate : Finished Spring Data repository scanning in 138 ms. Found 8 JPA repository interfaces.
2024-04-29T11:26:19.811+03:00  INFO 52949 --- [iewa-api] [           main] o.hibernate.jpa.internal.util.LogHelper  : HHH000204: Processing PersistenceUnitInfo [name: default]
2024-04-29T11:26:19.862+03:00  INFO 52949 --- [iewa-api] [           main] org.hibernate.Version                    : HHH000412: Hibernate ORM core version 6.4.4.Final
2024-04-29T11:26:19.898+03:00  INFO 52949 --- [iewa-api] [           main] o.h.c.internal.RegionFactoryInitiator    : HHH000026: Second-level cache disabled
2024-04-29T11:26:20.128+03:00  INFO 52949 --- [iewa-api] [           main] o.s.o.j.p.SpringPersistenceUnitInfo      : No LoadTimeWeaver setup: ignoring JPA class transformer
2024-04-29T11:26:20.152+03:00  INFO 52949 --- [iewa-api] [           main] com.zaxxer.hikari.HikariDataSource       : HikariPool-1 - Starting...
2024-04-29T11:26:20.325+03:00  INFO 52949 --- [iewa-api] [           main] com.zaxxer.hikari.pool.HikariPool        : HikariPool-1 - Added connection org.postgresql.jdbc.PgConnection@516b84d1
2024-04-29T11:26:20.326+03:00  INFO 52949 --- [iewa-api] [           main] com.zaxxer.hikari.HikariDataSource       : HikariPool-1 - Start completed.
2024-04-29T11:26:20.348+03:00  WARN 52949 --- [iewa-api] [           main] org.hibernate.orm.deprecation            : HHH90000025: PostgreSQLDialect does not need to be specified explicitly using 'hibernate.dialect' (remove the property setting and it will be selected by default)
2024-04-29T11:26:20.513+03:00  WARN 52949 --- [iewa-api] [           main] o.h.boot.model.internal.EntityBinder     : HHH000139: Illegal use of @Table in a subclass of a SINGLE_TABLE hierarchy: iewa.api.Model.BusinessOwner
2024-04-29T11:26:21.483+03:00  INFO 52949 --- [iewa-api] [           main] o.h.e.t.j.p.i.JtaPlatformInitiator       : HHH000489: No JTA platform available (set 'hibernate.transaction.jta.platform' to enable JTA platform integration)
2024-04-29T11:26:21.574+03:00  INFO 52949 --- [iewa-api] [           main] j.LocalContainerEntityManagerFactoryBean : Initialized JPA EntityManagerFactory for persistence unit 'default'
2024-04-29T11:26:22.694+03:00  WARN 52949 --- [iewa-api] [           main] JpaBaseConfiguration$JpaWebConfiguration : spring.jpa.open-in-view is enabled by default. Therefore, database queries may be performed during view rendering. Explicitly configure spring.jpa.open-in-view to disable this warning
2024-04-29T11:26:23.595+03:00  INFO 52949 --- [iewa-api] [           main] o.s.b.a.e.web.EndpointLinksResolver      : Exposing 1 endpoint(s) beneath base path '/actuator'
2024-04-29T11:26:23.707+03:00  INFO 52949 --- [iewa-api] [           main] o.s.s.web.DefaultSecurityFilterChain     : Will secure any request with [org.springframework.security.web.session.DisableEncodeUrlFilter@65b9ebee, org.springframework.security.web.context.request.async.WebAsyncManagerIntegrationFilter@7e2cebdf, org.springframework.security.web.context.SecurityContextHolderFilter@71adea8d, org.springframework.security.web.header.HeaderWriterFilter@72e950ef, org.springframework.web.filter.CorsFilter@25c5fc41, org.springframework.security.web.authentication.logout.LogoutFilter@7d5e165, iewa.api.Config.JwtAuthenticationFilter@4f4c3934, org.springframework.security.web.savedrequest.RequestCacheAwareFilter@40e28324, org.springframework.security.web.servletapi.SecurityContextHolderAwareRequestFilter@1b3fff29, org.springframework.security.web.authentication.AnonymousAuthenticationFilter@29fae990, org.springframework.security.web.session.SessionManagementFilter@22b0fe7e, org.springframework.security.web.access.ExceptionTranslationFilter@ddb59b6, org.springframework.security.web.access.intercept.AuthorizationFilter@3919e2d7]
2024-04-29T11:26:24.314+03:00  INFO 52949 --- [iewa-api] [           main] o.s.a.r.c.CachingConnectionFactory       : Attempting to connect to: [localhost:5672]
2024-04-29T11:26:24.345+03:00  INFO 52949 --- [iewa-api] [           main] o.s.a.r.c.CachingConnectionFactory       : Created new connection: rabbitConnectionFactory#22a9fa23:0/SimpleConnection@5c97c816 [delegate=amqp://guest@127.0.0.1:5672/, localPort=55290]
2024-04-29T11:26:24.425+03:00  INFO 52949 --- [iewa-api] [           main] iewa.api.IewaApiApplicationTests         : Started IewaApiApplicationTests in 6.712 seconds (process running for 7.483)
2024-04-29T11:26:25.319+03:00  INFO 52949 --- [iewa-api] [   scheduling-1] iewa.api.Service.Monday                  : Date: {"date":"2024-05-30","changed_at":"2024-04-28T22:20:25.059Z"}
2024-04-29T11:26:25.320+03:00  INFO 52949 --- [iewa-api] [   scheduling-1] iewa.api.Service.Monday                  : Date: 2024-05-30
2024-04-29T11:26:30.256+03:00  INFO 52949 --- [iewa-api] [           main] iewa.api.Service.Monday                  : Items: 500
Error: Unable to access lob stream
2024-04-29T11:26:31.203+03:00  INFO 52949 --- [iewa-api] [           main] iewa.api.Service.Dataload                : candidateMondayId: REJECTED_LIST
2024-04-29T11:26:31.206+03:00  INFO 52949 --- [iewa-api] [           main] iewa.api.Service.Dataload                : Business owner not found
2024-04-29T11:26:31.206+03:00  INFO 52949 --- [iewa-api] [           main] iewa.api.Service.Dataload                : candidateMondayId: IEWA_LIST
2024-04-29T11:26:31.208+03:00  INFO 52949 --- [iewa-api] [           main] iewa.api.Service.Dataload                : Business owner not found
2024-04-29T11:26:31.208+03:00  INFO 52949 --- [iewa-api] [           main] iewa.api.Service.Dataload                : candidateMondayId: SHORT_LIST
2024-04-29T11:26:31.209+03:00  INFO 52949 --- [iewa-api] [           main] iewa.api.Service.Dataload                : Business owner not found
2024-04-29T11:26:31.209+03:00  INFO 52949 --- [iewa-api] [           main] iewa.api.Service.Dataload                : candidateMondayId: MY_LIST
2024-04-29T11:26:31.211+03:00  INFO 52949 --- [iewa-api] [           main] iewa.api.Service.Dataload                : Business owner not found
2024-04-29T11:26:31.211+03:00  INFO 52949 --- [iewa-api] [           main] iewa.api.Service.Dataload                : candidateMondayId: MY_LIST
2024-04-29T11:26:31.213+03:00  INFO 52949 --- [iewa-api] [           main] iewa.api.Service.Dataload                : Business owner not found
2024-04-29T11:26:31.213+03:00  INFO 52949 --- [iewa-api] [           main] iewa.api.Service.Dataload                : candidateMondayId: MY_LIST
2024-04-29T11:26:31.214+03:00  INFO 52949 --- [iewa-api] [           main] iewa.api.Service.Dataload                : Business owner not found
2024-04-29T11:26:31.214+03:00  INFO 52949 --- [iewa-api] [           main] iewa.api.Service.Dataload                : candidateMondayId: SHORT_LIST
2024-04-29T11:26:31.215+03:00  INFO 52949 --- [iewa-api] [           main] iewa.api.Service.Dataload                : Business owner not found
2024-04-29T11:26:31.215+03:00  INFO 52949 --- [iewa-api] [           main] iewa.api.Service.Dataload                : candidateMondayId: MY_LIST
2024-04-29T11:26:31.217+03:00  INFO 52949 --- [iewa-api] [           main] iewa.api.Service.Dataload                : Business owner not found
2024-04-29T11:26:31.217+03:00  INFO 52949 --- [iewa-api] [           main] iewa.api.Service.Dataload                : candidateMondayId: MY_LIST
2024-04-29T11:26:31.219+03:00  INFO 52949 --- [iewa-api] [           main] iewa.api.Service.Dataload                : Business owner not found
2024-04-29T11:26:31.219+03:00  INFO 52949 --- [iewa-api] [           main] iewa.api.Service.Dataload                : candidateMondayId: MY_LIST
2024-04-29T11:26:31.221+03:00  INFO 52949 --- [iewa-api] [           main] iewa.api.Service.Dataload                : Business owner not found
2024-04-29T11:26:31.221+03:00  INFO 52949 --- [iewa-api] [           main] iewa.api.Service.Dataload                : candidateMondayId: MY_LIST
2024-04-29T11:26:31.223+03:00  INFO 52949 --- [iewa-api] [           main] iewa.api.Service.Dataload                : Business owner not found
2024-04-29T11:26:31.223+03:00  INFO 52949 --- [iewa-api] [           main] iewa.api.Service.Dataload                : candidateMondayId: MY_LIST
2024-04-29T11:26:31.225+03:00  INFO 52949 --- [iewa-api] [           main] iewa.api.Service.Dataload                : Business owner not found
2024-04-29T11:26:31.225+03:00  INFO 52949 --- [iewa-api] [           main] iewa.api.Service.Dataload                : candidateMondayId: MY_LIST
2024-04-29T11:26:31.226+03:00  INFO 52949 --- [iewa-api] [           main] iewa.api.Service.Dataload                : Business owner not found
2024-04-29T11:26:31.226+03:00  INFO 52949 --- [iewa-api] [           main] iewa.api.Service.Dataload                : candidateMondayId: MY_LIST
2024-04-29T11:26:31.228+03:00  INFO 52949 --- [iewa-api] [           main] iewa.api.Service.Dataload                : Business owner not found
2024-04-29T11:26:31.228+03:00  INFO 52949 --- [iewa-api] [           main] iewa.api.Service.Dataload                : candidateMondayId: MY_LIST
2024-04-29T11:26:31.230+03:00  INFO 52949 --- [iewa-api] [           main] iewa.api.Service.Dataload                : Business owner not found
2024-04-29T11:26:31.230+03:00  INFO 52949 --- [iewa-api] [           main] iewa.api.Service.Dataload                : candidateMondayId: MY_LIST
2024-04-29T11:26:31.231+03:00  INFO 52949 --- [iewa-api] [           main] iewa.api.Service.Dataload                : Business owner not found
2024-04-29T11:26:31.231+03:00  INFO 52949 --- [iewa-api] [           main] iewa.api.Service.Dataload                : candidateMondayId: MY_LIST
2024-04-29T11:26:31.233+03:00  INFO 52949 --- [iewa-api] [           main] iewa.api.Service.Dataload                : Business owner not found
2024-04-29T11:26:31.233+03:00  INFO 52949 --- [iewa-api] [           main] iewa.api.Service.Dataload                : candidateMondayId: IEWA_LIST
2024-04-29T11:26:31.234+03:00  INFO 52949 --- [iewa-api] [           main] iewa.api.Service.Dataload                : Business owner not found
2024-04-29T11:26:31.235+03:00  INFO 52949 --- [iewa-api] [           main] iewa.api.Service.Dataload                : candidateMondayId: IEWA_LIST
2024-04-29T11:26:31.236+03:00  INFO 52949 --- [iewa-api] [           main] iewa.api.Service.Dataload                : Business owner not found
2024-04-29T11:26:31.236+03:00  INFO 52949 --- [iewa-api] [           main] iewa.api.Service.Dataload                : candidateMondayId: IEWA_LIST
2024-04-29T11:26:31.237+03:00  INFO 52949 --- [iewa-api] [           main] iewa.api.Service.Dataload                : Business owner not found
2024-04-29T11:26:31.238+03:00  INFO 52949 --- [iewa-api] [           main] iewa.api.Service.Dataload                : candidateMondayId: REJECTED_LIST
2024-04-29T11:26:31.239+03:00  INFO 52949 --- [iewa-api] [           main] iewa.api.Service.Dataload                : Business owner not found
2024-04-29T11:26:31.239+03:00  INFO 52949 --- [iewa-api] [           main] iewa.api.Service.Dataload                : candidateMondayId: MY_LIST
2024-04-29T11:26:31.240+03:00  INFO 52949 --- [iewa-api] [           main] iewa.api.Service.Dataload                : Business owner not found
2024-04-29T11:26:31.241+03:00  INFO 52949 --- [iewa-api] [           main] iewa.api.Service.Dataload                : candidateMondayId: MY_LIST
2024-04-29T11:26:31.242+03:00  INFO 52949 --- [iewa-api] [           main] iewa.api.Service.Dataload                : Business owner not found
2024-04-29T11:26:31.242+03:00  INFO 52949 --- [iewa-api] [           main] iewa.api.Service.Dataload                : candidateMondayId: IEWA_LIST
2024-04-29T11:26:31.243+03:00  INFO 52949 --- [iewa-api] [           main] iewa.api.Service.Dataload                : Business owner not found
2024-04-29T11:26:31.243+03:00  INFO 52949 --- [iewa-api] [           main] iewa.api.Service.Dataload                : candidateMondayId: IEWA_LIST
2024-04-29T11:26:31.244+03:00  INFO 52949 --- [iewa-api] [           main] iewa.api.Service.Dataload                : Business owner not found
2024-04-29T11:26:31.245+03:00  INFO 52949 --- [iewa-api] [           main] iewa.api.Service.Dataload                : candidateMondayId: IEWA_LIST
2024-04-29T11:26:31.246+03:00  INFO 52949 --- [iewa-api] [           main] iewa.api.Service.Dataload                : Business owner not found
2024-04-29T11:26:31.246+03:00  INFO 52949 --- [iewa-api] [           main] iewa.api.Service.Dataload                : candidateMondayId: REJECTED_LIST
2024-04-29T11:26:31.247+03:00  INFO 52949 --- [iewa-api] [           main] iewa.api.Service.Dataload                : Business owner not found
2024-04-29T11:26:31.248+03:00  INFO 52949 --- [iewa-api] [           main] iewa.api.Service.Dataload                : candidateMondayId: REJECTED_LIST
2024-04-29T11:26:31.249+03:00  INFO 52949 --- [iewa-api] [           main] iewa.api.Service.Dataload                : Business owner not found
2024-04-29T11:26:31.249+03:00  INFO 52949 --- [iewa-api] [           main] iewa.api.Service.Dataload                : candidateMondayId: MY_LIST
2024-04-29T11:26:31.250+03:00  INFO 52949 --- [iewa-api] [           main] iewa.api.Service.Dataload                : Business owner not found
2024-04-29T11:26:31.250+03:00  INFO 52949 --- [iewa-api] [           main] iewa.api.Service.Dataload                : candidateMondayId: SHORT_LIST
2024-04-29T11:26:31.252+03:00  INFO 52949 --- [iewa-api] [           main] iewa.api.Service.Dataload                : Business owner not found
2024-04-29T11:26:31.253+03:00  INFO 52949 --- [iewa-api] [           main] iewa.api.Service.Dataload                : candidateMondayId: MY_LIST
2024-04-29T11:26:31.254+03:00  INFO 52949 --- [iewa-api] [           main] iewa.api.Service.Dataload                : Business owner not found
2024-04-29T11:26:31.255+03:00  INFO 52949 --- [iewa-api] [           main] iewa.api.Service.Dataload                : candidateMondayId: MY_LIST
2024-04-29T11:26:31.256+03:00  INFO 52949 --- [iewa-api] [           main] iewa.api.Service.Dataload                : Business owner not found
2024-04-29T11:26:31.257+03:00  INFO 52949 --- [iewa-api] [           main] iewa.api.Service.Dataload                : candidateMondayId: IEWA_LIST
2024-04-29T11:26:31.258+03:00  INFO 52949 --- [iewa-api] [           main] iewa.api.Service.Dataload                : Business owner not found
2024-04-29T11:26:31.259+03:00  INFO 52949 --- [iewa-api] [           main] iewa.api.Service.Dataload                : candidateMondayId: MY_LIST
2024-04-29T11:26:31.261+03:00  INFO 52949 --- [iewa-api] [           main] iewa.api.Service.Dataload                : Business owner not found
2024-04-29T11:26:31.261+03:00  INFO 52949 --- [iewa-api] [           main] iewa.api.Service.Dataload                : candidateMondayId: MY_LIST
2024-04-29T11:26:31.262+03:00  INFO 52949 --- [iewa-api] [           main] iewa.api.Service.Dataload                : Business owner not found
2024-04-29T11:26:31.262+03:00  INFO 52949 --- [iewa-api] [           main] iewa.api.Service.Dataload                : candidateMondayId: MY_LIST
2024-04-29T11:26:31.264+03:00  INFO 52949 --- [iewa-api] [           main] iewa.api.Service.Dataload                : Business owner not found
2024-04-29T11:26:31.264+03:00  INFO 52949 --- [iewa-api] [           main] iewa.api.Service.Dataload                : candidateMondayId: MY_LIST
2024-04-29T11:26:31.265+03:00  INFO 52949 --- [iewa-api] [           main] iewa.api.Service.Dataload                : Business owner not found
2024-04-29T11:26:31.265+03:00  INFO 52949 --- [iewa-api] [           main] iewa.api.Service.Dataload                : candidateMondayId: MY_LIST
2024-04-29T11:26:31.267+03:00  INFO 52949 --- [iewa-api] [           main] iewa.api.Service.Dataload                : Business owner not found
2024-04-29T11:26:31.267+03:00  INFO 52949 --- [iewa-api] [           main] iewa.api.Service.Dataload                : candidateMondayId: MY_LIST
2024-04-29T11:26:31.268+03:00  INFO 52949 --- [iewa-api] [           main] iewa.api.Service.Dataload                : Business owner not found
2024-04-29T11:26:31.269+03:00  INFO 52949 --- [iewa-api] [           main] iewa.api.Service.Dataload                : candidateMondayId: MY_LIST
2024-04-29T11:26:31.302+03:00  INFO 52949 --- [iewa-api] [           main] iewa.api.Service.Dataload                : candidateMondayId: IEWA_LIST
2024-04-29T11:26:31.308+03:00  INFO 52949 --- [iewa-api] [           main] iewa.api.Service.Dataload                : Business owner not found
2024-04-29T11:26:31.308+03:00  INFO 52949 --- [iewa-api] [           main] iewa.api.Service.Dataload                : candidateMondayId: IEWA_LIST
2024-04-29T11:26:31.311+03:00  INFO 52949 --- [iewa-api] [           main] iewa.api.Service.Dataload                : Business owner not found
2024-04-29T11:26:31.311+03:00  INFO 52949 --- [iewa-api] [           main] iewa.api.Service.Dataload                : candidateMondayId: IEWA_LIST
2024-04-29T11:26:31.314+03:00  INFO 52949 --- [iewa-api] [           main] iewa.api.Service.Dataload                : Business owner not found
2024-04-29T11:26:31.314+03:00  INFO 52949 --- [iewa-api] [           main] iewa.api.Service.Dataload                : candidateMondayId: IEWA_LIST
2024-04-29T11:26:31.318+03:00  INFO 52949 --- [iewa-api] [           main] iewa.api.Service.Dataload                : Business owner not found
2024-04-29T11:26:31.318+03:00  INFO 52949 --- [iewa-api] [           main] iewa.api.Service.Dataload                : candidateMondayId: IEWA_LIST
2024-04-29T11:26:31.321+03:00  INFO 52949 --- [iewa-api] [           main] iewa.api.Service.Dataload                : Business owner not found
2024-04-29T11:26:31.321+03:00  INFO 52949 --- [iewa-api] [           main] iewa.api.Service.Dataload                : candidateMondayId: IEWA_LIST
2024-04-29T11:26:31.324+03:00  INFO 52949 --- [iewa-api] [           main] iewa.api.Service.Dataload                : Business owner not found
2024-04-29T11:26:31.324+03:00  INFO 52949 --- [iewa-api] [           main] iewa.api.Service.Dataload                : candidateMondayId: IEWA_LIST
2024-04-29T11:26:31.327+03:00  INFO 52949 --- [iewa-api] [           main] iewa.api.Service.Dataload                : Business owner not found
2024-04-29T11:26:31.328+03:00  INFO 52949 --- [iewa-api] [           main] iewa.api.Service.Dataload                : candidateMondayId: MY_LIST
2024-04-29T11:26:31.330+03:00  INFO 52949 --- [iewa-api] [           main] iewa.api.Service.Dataload                : Business owner not found
2024-04-29T11:26:31.330+03:00  INFO 52949 --- [iewa-api] [           main] iewa.api.Service.Dataload                : candidateMondayId: MY_LIST
2024-04-29T11:26:31.333+03:00  INFO 52949 --- [iewa-api] [           main] iewa.api.Service.Dataload                : Business owner not found
2024-04-29T11:26:31.334+03:00  INFO 52949 --- [iewa-api] [           main] iewa.api.Service.Dataload                : candidateMondayId: MY_LIST
2024-04-29T11:26:31.336+03:00  INFO 52949 --- [iewa-api] [           main] iewa.api.Service.Dataload                : Business owner not found
2024-04-29T11:26:31.336+03:00  INFO 52949 --- [iewa-api] [           main] iewa.api.Service.Dataload                : candidateMondayId: MY_LIST
2024-04-29T11:26:31.340+03:00  INFO 52949 --- [iewa-api] [           main] iewa.api.Service.Dataload                : Business owner not found
]]></system-out>
    <system-err><![CDATA[WARNING: A Java agent has been loaded dynamically (/Users/0xff3z/.m2/repository/net/bytebuddy/byte-buddy-agent/1.14.13/byte-buddy-agent-1.14.13.jar)
WARNING: If a serviceability tool is in use, please run with -XX:+EnableDynamicAgentLoading to hide this warning
WARNING: If a serviceability tool is not in use, please run with -Djdk.instrument.traceUsage for more information
WARNING: Dynamic loading of agents will be disallowed by default in a future release
]]></system-err>
  </testcase>
</testsuite>